TN:
SF:src/EdenEVM.sol
DA:34,16
FN:34,EdenEVM.onlyMailBox
FNDA:16,EdenEVM.onlyMailBox
DA:35,16
BRDA:35,0,0,-
BRDA:35,0,1,-
DA:39,4
FN:39,EdenEVM.onlyVault
FNDA:4,EdenEVM.onlyVault
DA:40,4
BRDA:40,1,0,-
BRDA:40,1,1,-
DA:44,34
FN:44,EdenEVM.constructor
FNDA:34,EdenEVM.constructor
DA:45,34
DA:46,34
DA:47,34
DA:48,34
DA:53,14
FN:53,EdenEVM.deposit
FNDA:14,EdenEVM.deposit
DA:59,14
BRDA:59,2,0,9
DA:60,9
BRDA:60,3,0,-
BRDA:60,3,1,-
DA:63,13
DA:67,13
DA:68,13
DA:69,13
DA:70,13
DA:72,13
DA:74,13
BRDA:74,4,0,5
DA:75,5
DA:78,13
DA:80,13
DA:82,13
DA:85,3
FN:85,EdenEVM.withdraw
FNDA:3,EdenEVM.withdraw
DA:96,3
DA:111,3
DA:113,3
DA:115,3
DA:117,3
DA:120,15
FN:120,EdenEVM.handle
FNDA:15,EdenEVM.handle
DA:130,15
DA:132,2
BRDA:132,5,0,2
BRDA:132,5,1,13
DA:133,2
DA:135,13
DA:139,2
FN:139,EdenEVM.depositFees
FNDA:2,EdenEVM.depositFees
DA:140,2
BRDA:140,6,0,2
BRDA:140,6,1,1
DA:141,2
BRDA:141,7,0,1
BRDA:141,7,1,1
DA:142,1
DA:144,1
DA:147,1
DA:149,1
DA:150,1
BRDA:150,8,0,-
BRDA:150,8,1,-
DA:151,1
DA:154,1
DA:159,2
FN:159,EdenEVM._withdraw
FNDA:2,EdenEVM._withdraw
DA:163,2
BRDA:163,9,0,2
BRDA:163,9,1,1
DA:164,2
BRDA:164,10,0,1
BRDA:164,10,1,1
DA:165,1
DA:166,1
DA:167,1
DA:169,1
DA:170,1
BRDA:170,11,0,-
BRDA:170,11,1,-
DA:171,1
DA:172,1
DA:175,0
DA:179,13
FN:179,EdenEVM._deposit
FNDA:13,EdenEVM._deposit
DA:180,10
BRDA:180,12,0,10
BRDA:180,12,1,1
DA:181,10
DA:182,10
DA:184,3
BRDA:184,13,0,3
BRDA:184,13,1,1
DA:185,2
DA:186,2
BRDA:186,14,0,-
BRDA:186,14,1,-
DA:187,3
DA:189,1
DA:190,1
DA:195,34
FN:195,EdenEVM.setVault
FNDA:34,EdenEVM.setVault
DA:196,34
DA:199,2
FN:199,EdenEVM.getVault
FNDA:2,EdenEVM.getVault
DA:200,2
DA:203,2
FN:203,EdenEVM.getFeesAccumulated
FNDA:2,EdenEVM.getFeesAccumulated
DA:204,2
FNF:12
FNH:12
LF:71
LH:70
BRF:28
BRH:16
end_of_record
TN:
SF:src/EdenPL.sol
DA:36,16
FN:36,EdenPL.onlyMailBox
FNDA:16,EdenPL.onlyMailBox
DA:37,16
BRDA:37,0,0,-
BRDA:37,0,1,-
DA:41,5
FN:41,EdenPL.onlyVault
FNDA:5,EdenPL.onlyVault
DA:42,5
BRDA:42,1,0,-
BRDA:42,1,1,-
DA:46,39
FN:46,EdenPL.constructor
FNDA:39,EdenPL.constructor
DA:50,39
DA:51,39
DA:52,39
DA:57,11
FN:57,EdenPL.deposit
FNDA:11,EdenPL.deposit
DA:63,11
BRDA:63,2,0,-
BRDA:63,2,1,-
DA:65,8
DA:67,11
DA:69,8
BRDA:69,3,0,2
BRDA:69,3,1,6
DA:70,2
DA:71,2
DA:73,6
BRDA:73,4,0,-
BRDA:73,4,1,-
DA:74,6
DA:78,10
FN:78,EdenPL.withdraw
FNDA:10,EdenPL.withdraw
DA:89,10
BRDA:89,5,0,-
BRDA:89,5,1,-
DA:90,9
BRDA:90,6,0,-
BRDA:90,6,1,-
DA:91,7
BRDA:91,7,0,7
BRDA:91,7,1,-
DA:109,7
DA:111,7
DA:114,15
FN:114,EdenPL.handle
FNDA:15,EdenPL.handle
DA:122,15
DA:124,2
BRDA:124,8,0,2
BRDA:124,8,1,13
DA:125,2
DA:127,13
DA:131,2
FN:131,EdenPL.depositFees
FNDA:2,EdenPL.depositFees
DA:132,2
BRDA:132,9,0,2
BRDA:132,9,1,1
DA:133,2
BRDA:133,10,0,1
BRDA:133,10,1,1
DA:134,1
DA:135,1
DA:138,1
DA:140,1
DA:141,1
BRDA:141,11,0,-
BRDA:141,11,1,-
DA:142,1
DA:145,1
DA:150,39
FN:150,EdenPL.setVault
FNDA:39,EdenPL.setVault
DA:151,39
DA:154,34
FN:154,EdenPL.addDestinationChain
FNDA:34,EdenPL.addDestinationChain
DA:155,34
DA:158,15
FN:158,EdenPL._checkDestinationDomain
FNDA:15,EdenPL._checkDestinationDomain
DA:159,15
DA:160,15
BRDA:160,12,0,-
BRDA:160,12,1,-
DA:161,15
DA:164,4
FN:164,EdenPL._withdraw
FNDA:4,EdenPL._withdraw
DA:165,4
BRDA:165,13,0,1
BRDA:165,13,1,3
DA:166,1
DA:167,1
DA:169,3
DA:170,3
BRDA:170,14,0,-
BRDA:170,14,1,-
DA:171,3
DA:175,13
FN:175,EdenPL._edDeposit
FNDA:13,EdenPL._edDeposit
DA:176,13
DA:178,13
BRDA:178,15,0,3
BRDA:178,15,1,-
DA:179,3
DA:181,3
DA:183,3
DA:185,3
DA:187,3
DA:189,10
DA:191,10
DA:193,10
DA:195,10
DA:197,10
DA:199,10
DA:201,10
DA:205,2
FN:205,EdenPL._edWithdraw
FNDA:2,EdenPL._edWithdraw
DA:206,2
DA:209,2
DA:210,2
DA:223,2
DA:224,0
BRDA:224,16,0,-
BRDA:208,16,1,-
DA:225,0
DA:226,0
DA:228,0
DA:230,0
DA:232,0
DA:234,0
DA:236,2
DA:238,2
DA:239,2
DA:241,2
DA:243,2
DA:245,2
DA:247,2
DA:251,1
FN:251,EdenPL.getVault
FNDA:1,EdenPL.getVault
DA:252,1
DA:255,24
FN:255,EdenPL.getFeesAccumulated
FNDA:24,EdenPL.getFeesAccumulated
DA:256,24
FNF:15
FNH:15
LF:91
LH:84
BRF:34
BRH:12
end_of_record
TN:
SF:src/EdenVault.sol
DA:28,78
FN:28,EdenVault.constructor
FNDA:78,EdenVault.constructor
DA:29,78
DA:30,78
DA:33,4
FN:33,EdenVault.receive
FNDA:4,EdenVault.receive
DA:34,4
BRDA:34,0,0,-
BRDA:34,0,1,1
BRDA:34,1,0,1
BRDA:34,1,1,1
DA:35,1
DA:37,1
DA:41,22
FN:41,EdenVault.deposit
FNDA:22,EdenVault.deposit
DA:42,22
DA:43,22
BRDA:43,2,0,12
BRDA:43,2,1,10
DA:44,12
BRDA:44,3,0,-
BRDA:44,3,1,-
DA:46,10
DA:48,22
DA:49,20
DA:50,22
DA:53,4
FN:53,EdenVault.withdraw
FNDA:4,EdenVault.withdraw
DA:54,4
DA:55,4
DA:56,2
DA:57,4
DA:60,21
FN:60,EdenVault._deposit
FNDA:21,EdenVault._deposit
DA:61,21
DA:62,21
BRDA:62,4,0,-
BRDA:62,4,1,-
DA:63,21
DA:66,4
FN:66,EdenVault._withdraw
FNDA:4,EdenVault._withdraw
DA:67,4
DA:69,4
BRDA:69,5,0,-
BRDA:69,5,1,-
DA:71,3
BRDA:71,6,0,1
BRDA:71,6,1,2
DA:72,1
DA:73,1
DA:74,0
DA:76,2
DA:77,2
DA:78,2
BRDA:78,7,0,-
BRDA:78,7,1,-
DA:79,0
DA:83,6
FN:83,EdenVault._convertToAssets
FNDA:6,EdenVault._convertToAssets
DA:84,6
DA:87,23
FN:87,EdenVault._convertToShares
FNDA:23,EdenVault._convertToShares
DA:88,23
BRDA:88,8,0,-
BRDA:88,8,1,9
DA:89,0
DA:91,9
DA:95,2
FN:95,EdenVault.getAsset
FNDA:2,EdenVault.getAsset
DA:96,2
DA:99,2
FN:99,EdenVault.decimals
FNDA:2,EdenVault.decimals
DA:100,2
BRDA:100,9,0,1
BRDA:100,9,1,-
DA:101,1
DA:103,1
DA:107,6
FN:107,EdenVault.totalAssets
FNDA:6,EdenVault.totalAssets
DA:108,6
DA:111,23
FN:111,EdenVault.convertToShares
FNDA:23,EdenVault.convertToShares
DA:112,23
DA:115,6
FN:115,EdenVault.convertToAssets
FNDA:6,EdenVault.convertToAssets
DA:116,6
DA:119,26
FN:119,EdenVault.getAccumulatedFees
FNDA:26,EdenVault.getAccumulatedFees
DA:120,26
DA:121,26
BRDA:121,10,0,4
DA:122,4
DA:123,4
FNF:14
FNH:14
LF:58
LH:55
BRF:21
BRH:10
end_of_record
TN:
SF:src/MerkleTreeWithHistory.sol
DA:37,39
FN:37,MerkleTreeWithHistory.constructor
FNDA:39,MerkleTreeWithHistory.constructor
DA:38,39
BRDA:38,0,0,-
BRDA:38,0,1,-
DA:39,39
BRDA:39,1,0,-
BRDA:39,1,1,-
DA:40,39
DA:41,39
DA:43,39
DA:44,780
DA:47,39
DA:53,360
FN:53,MerkleTreeWithHistory.hashLeftRight
FNDA:360,MerkleTreeWithHistory.hashLeftRight
DA:54,360
BRDA:54,2,0,-
BRDA:54,2,1,-
DA:55,360
BRDA:55,3,0,-
BRDA:55,3,1,-
DA:56,360
DA:57,360
DA:58,360
DA:59,360
DA:60,360
DA:61,360
DA:64,18
FN:64,MerkleTreeWithHistory._insert
FNDA:18,MerkleTreeWithHistory._insert
DA:65,18
DA:66,18
BRDA:66,4,0,-
BRDA:66,4,1,-
DA:67,18
DA:68,18
DA:69,18
DA:70,18
DA:72,18
DA:73,360
BRDA:73,5,0,358
BRDA:73,5,1,2
DA:74,358
DA:75,358
DA:76,358
DA:78,2
DA:79,2
DA:81,360
DA:82,360
DA:85,18
DA:86,18
DA:87,18
DA:88,18
DA:89,0
DA:95,11
FN:95,MerkleTreeWithHistory.isKnownRoot
FNDA:11,MerkleTreeWithHistory.isKnownRoot
DA:96,11
BRDA:96,6,0,1
DA:97,1
DA:99,10
DA:100,10
DA:109,30
DA:102,39
BRDA:102,7,0,9
DA:103,9
DA:105,30
BRDA:105,8,0,1
DA:106,1
DA:108,30
DA:110,0
DA:116,0
FN:116,MerkleTreeWithHistory.getLastRoot
FNDA:0,MerkleTreeWithHistory.getLastRoot
DA:117,0
DA:121,1177
FN:121,MerkleTreeWithHistory.zeros
FNDA:1177,MerkleTreeWithHistory.zeros
DA:122,1177
BRDA:122,9,0,55
BRDA:122,9,1,-
DA:123,1122
BRDA:123,10,0,57
BRDA:123,10,1,-
DA:124,1065
BRDA:124,11,0,57
BRDA:124,11,1,-
DA:125,1008
BRDA:125,12,0,57
BRDA:125,12,1,-
DA:126,951
BRDA:126,13,0,57
BRDA:126,13,1,-
DA:127,894
BRDA:127,14,0,57
BRDA:127,14,1,-
DA:128,837
BRDA:128,15,0,57
BRDA:128,15,1,-
DA:129,780
BRDA:129,16,0,57
BRDA:129,16,1,-
DA:130,723
BRDA:130,17,0,57
BRDA:130,17,1,-
DA:131,666
BRDA:131,18,0,57
BRDA:131,18,1,-
DA:132,609
BRDA:132,19,0,57
BRDA:132,19,1,-
DA:133,552
BRDA:133,20,0,57
BRDA:133,20,1,-
DA:134,495
BRDA:134,21,0,57
BRDA:134,21,1,-
DA:135,438
BRDA:135,22,0,57
BRDA:135,22,1,-
DA:136,381
BRDA:136,23,0,57
BRDA:136,23,1,-
DA:137,324
BRDA:137,24,0,57
BRDA:137,24,1,-
DA:138,267
BRDA:138,25,0,57
BRDA:138,25,1,-
DA:139,210
BRDA:139,26,0,57
BRDA:139,26,1,-
DA:140,153
BRDA:140,27,0,57
BRDA:140,27,1,-
DA:141,96
BRDA:141,28,0,96
BRDA:141,28,1,-
DA:142,0
BRDA:142,29,0,-
BRDA:142,29,1,-
DA:143,0
BRDA:143,30,0,-
BRDA:143,30,1,-
DA:144,0
BRDA:144,31,0,-
BRDA:144,31,1,-
DA:145,0
BRDA:145,32,0,-
BRDA:145,32,1,-
DA:146,0
BRDA:146,33,0,-
BRDA:146,33,1,-
DA:147,0
BRDA:147,34,0,-
BRDA:147,34,1,-
DA:148,0
BRDA:148,35,0,-
BRDA:148,35,1,-
DA:149,0
BRDA:149,36,0,-
BRDA:149,36,1,-
DA:150,0
BRDA:150,37,0,-
BRDA:150,37,1,-
DA:151,0
BRDA:151,38,0,-
BRDA:151,38,1,-
DA:152,0
BRDA:152,39,0,-
BRDA:152,39,1,-
DA:153,0
BRDA:153,40,0,-
BRDA:153,40,1,-
DA:154,0
FNF:6
FNH:5
LF:81
LH:64
BRF:79
BRH:25
end_of_record
TN:
SF:src/verifier.sol
DA:77,84
FN:77,Groth16Verifier.verifyProof
FNDA:84,Groth16Verifier.verifyProof
DA:79,0
FN:79,Groth16Verifier.checkField
FNDA:0,Groth16Verifier.checkField
DA:80,0
BRDA:80,0,0,-
DA:81,0
DA:82,0
DA:87,0
FN:87,Groth16Verifier.g1_mulAccC
FNDA:0,Groth16Verifier.g1_mulAccC
DA:88,0
DA:89,0
DA:90,0
DA:91,0
DA:92,0
DA:94,0
DA:96,0
BRDA:96,1,0,-
DA:97,0
DA:98,0
DA:101,0
DA:102,0
DA:104,0
DA:106,0
BRDA:106,2,0,-
DA:107,0
DA:108,0
DA:112,0
FN:112,Groth16Verifier.checkPairing
FNDA:0,Groth16Verifier.checkPairing
DA:113,0
DA:114,0
DA:116,0
DA:117,0
DA:121,0
DA:123,0
DA:125,0
DA:127,0
DA:129,0
DA:131,0
DA:133,0
DA:137,0
DA:138,0
DA:141,0
DA:142,0
DA:143,0
DA:144,0
DA:147,0
DA:148,0
DA:151,0
DA:152,0
DA:153,0
DA:154,0
DA:157,0
DA:158,0
DA:162,0
DA:163,0
DA:164,0
DA:165,0
DA:168,0
DA:169,0
DA:172,0
DA:173,0
DA:174,0
DA:175,0
DA:178,0
DA:180,0
DA:183,0
DA:184,0
DA:188,0
DA:190,0
DA:192,0
DA:194,0
DA:196,0
DA:198,0
DA:200,0
DA:204,0
DA:206,0
DA:207,0
FNF:4
FNH:1
LF:71
LH:1
BRF:3
BRH:0
end_of_record
TN:
SF:test/EdenVaul.t.sol
DA:207,1
FN:207,RevertPayment.receive
FNDA:1,RevertPayment.receive
DA:208,1
FNF:1
FNH:1
LF:2
LH:2
BRF:0
BRH:0
end_of_record
